<?xml version="1.0" encoding="UTF-8"?>
<testng-results ignored="0" total="1" passed="1" failed="0" skipped="0">
  <reporter-output>
  </reporter-output>
  <suite started-at="2024-03-15T21:05:07 IST" name="Default suite" finished-at="2024-03-15T21:05:11 IST" duration-ms="4088">
    <groups>
    </groups>
    <test started-at="2024-03-15T21:05:07 IST" name="Default test" finished-at="2024-03-15T21:05:11 IST" duration-ms="4088">
      <class name="tests.PDFReaderTest">
        <test-method is-config="true" signature="setup()[pri:0, instance:tests.PDFReaderTest@6fa51cd4]" started-at="2024-03-15T21:05:07 IST" name="setup" finished-at="2024-03-15T21:05:09 IST" duration-ms="2426" status="PASS">
          <reporter-output>
          </reporter-output>
        </test-method> <!-- setup -->
        <test-method signature="pdfReaderTest()[pri:0, instance:tests.PDFReaderTest@6fa51cd4]" started-at="2024-03-15T21:05:09 IST" name="pdfReaderTest" finished-at="2024-03-15T21:05:11 IST" duration-ms="1386" status="PASS">
          <reporter-output>
          </reporter-output>
        </test-method> <!-- pdfReaderTest -->
        <test-method is-config="true" signature="tearDown()[pri:0, instance:tests.PDFReaderTest@6fa51cd4]" started-at="2024-03-15T21:05:11 IST" name="tearDown" finished-at="2024-03-15T21:05:11 IST" duration-ms="226" status="PASS">
          <reporter-output>
          </reporter-output>
        </test-method> <!-- tearDown -->
      </class> <!-- tests.PDFReaderTest -->
    </test> <!-- Default test -->
  </suite> <!-- Default suite -->
</testng-results>
